[26.04.2023 | 23:04:16] >> WARN  << [com.netflix.config.sources.URLConfigurationSource] - No URLs will be polled as dynamic configuration sources.
[26.04.2023 | 23:04:16] >> INFO  << [com.netflix.config.sources.URLConfigurationSource] - To enable URLs as dynamic configuration sources, define System property archaius.configurationSource.additionalUrls or make config.properties available on classpath.
[26.04.2023 | 23:04:16] >> INFO  << [io.github.xanthic.cache.core.CacheApiSettings] - Xanthic: Automatically set default cache provider to CaffeineProvider.
[26.04.2023 | 23:04:18] >> INFO  << [com.github.twitch4j.chat.TwitchChat] - Connecting to Twitch IRC wss://irc-ws.chat.twitch.tv:443
[26.04.2023 | 23:04:18] >> INFO  << [com.github.philippheuer.events4j.simple.SimpleEventHandler] - Registered method listener TwitchListner#onChannelMessage
[26.04.2023 | 23:04:18] >> INFO  << [com.github.philippheuer.events4j.simple.SimpleEventHandler] - Registered method listener TwitchListner#onStreamUp
[26.04.2023 | 23:04:18] >> INFO  << [com.github.philippheuer.events4j.simple.SimpleEventHandler] - Registered method listener TwitchListner#onStreamDown
[27.04.2023 | 00:17:01] >> ERROR << [de.minetrain.devlinbot.main.Main] - You probably messed up your program arguments!
java.lang.ArrayIndexOutOfBoundsException: Index 0 out of bounds for length 0
	at de.minetrain.devlinbot.main.Main.main(Main.java:19)
[27.04.2023 | 00:17:16] >> ERROR << [de.minetrain.devlinbot.main.Main] - You probably messed up your program arguments!
java.lang.ArrayIndexOutOfBoundsException: Index 0 out of bounds for length 0
	at de.minetrain.devlinbot.main.Main.main(Main.java:19)
[27.04.2023 | 00:17:26] >> ERROR << [de.minetrain.devlinbot.main.Main] - You probably messed up your program arguments!
java.lang.ArrayIndexOutOfBoundsException: Index 0 out of bounds for length 0
	at de.minetrain.devlinbot.main.Main.main(Main.java:19)
[27.04.2023 | 00:17:48] >> ERROR << [de.minetrain.devlinbot.main.Main] - You probably messed up your program arguments!
java.lang.ArrayIndexOutOfBoundsException: Index 0 out of bounds for length 0
	at de.minetrain.devlinbot.main.Main.main(Main.java:19)
[27.04.2023 | 00:18:31] >> INFO  << [de.minetrain.devlinbot.main.Main] - ----------------------------------
[27.04.2023 | 00:18:31] >> INFO  << [de.minetrain.devlinbot.main.Main] - Devlin bot by MineTrain startet...
[27.04.2023 | 00:18:31] >> INFO  << [de.minetrain.devlinbot.main.Main] - Should the bot not awnser you, you may neet to check the vaules:
[27.04.2023 | 00:18:31] >> INFO  << [de.minetrain.devlinbot.main.Main] -  
[27.04.2023 | 00:18:31] >> INFO  << [de.minetrain.devlinbot.main.Main] - Client ID -> **********pxr
[27.04.2023 | 00:18:31] >> INFO  << [de.minetrain.devlinbot.main.Main] - Client Secret -> **********j9n
[27.04.2023 | 00:18:31] >> INFO  << [de.minetrain.devlinbot.main.Main] - OAuth2 -> **********qjt
[27.04.2023 | 00:18:31] >> INFO  << [de.minetrain.devlinbot.main.Main] - Channel Name -> minetrainlp
[27.04.2023 | 00:18:31] >> INFO  << [de.minetrain.devlinbot.main.Main] - ----------------------------------
[27.04.2023 | 00:18:31] >> WARN  << [com.netflix.config.sources.URLConfigurationSource] - No URLs will be polled as dynamic configuration sources.
[27.04.2023 | 00:18:31] >> INFO  << [com.netflix.config.sources.URLConfigurationSource] - To enable URLs as dynamic configuration sources, define System property archaius.configurationSource.additionalUrls or make config.properties available on classpath.
[27.04.2023 | 00:18:31] >> INFO  << [io.github.xanthic.cache.core.CacheApiSettings] - Xanthic: Automatically set default cache provider to CaffeineProvider.
[27.04.2023 | 00:18:33] >> INFO  << [com.github.twitch4j.chat.TwitchChat] - Connecting to Twitch IRC wss://irc-ws.chat.twitch.tv:443
[27.04.2023 | 00:18:33] >> INFO  << [com.github.philippheuer.events4j.simple.SimpleEventHandler] - Registered method listener TwitchListner#onStreamUp
[27.04.2023 | 00:18:33] >> INFO  << [com.github.philippheuer.events4j.simple.SimpleEventHandler] - Registered method listener TwitchListner#onStreamDown
[27.04.2023 | 00:18:33] >> INFO  << [com.github.philippheuer.events4j.simple.SimpleEventHandler] - Registered method listener TwitchListner#onChannelMessage
[27.04.2023 | 00:18:33] >> INFO  << [de.minetrain.devlinbot.twitch.TwitchManager] - Connecting to channels: [devlinbot_, minetrainlp]
[27.04.2023 | 00:18:41] >> WARN  << [de.minetrain.devlinbot.main.Main] - exit! - 1682547521566
[27.04.2023 | 00:18:46] >> INFO  << [de.minetrain.devlinbot.main.Main] - ----------------------------------
[27.04.2023 | 00:18:46] >> INFO  << [de.minetrain.devlinbot.main.Main] - Devlin bot by MineTrain startet...
[27.04.2023 | 00:18:46] >> INFO  << [de.minetrain.devlinbot.main.Main] - Should the bot not awnser you, you may neet to check the vaules:
[27.04.2023 | 00:18:46] >> INFO  << [de.minetrain.devlinbot.main.Main] -  
[27.04.2023 | 00:18:46] >> INFO  << [de.minetrain.devlinbot.main.Main] - Client ID -> **********pxr
[27.04.2023 | 00:18:46] >> INFO  << [de.minetrain.devlinbot.main.Main] - Client Secret -> **********j9n
[27.04.2023 | 00:18:46] >> INFO  << [de.minetrain.devlinbot.main.Main] - OAuth2 -> **********qjt
[27.04.2023 | 00:18:46] >> INFO  << [de.minetrain.devlinbot.main.Main] - Channel Name -> minetrainlp
[27.04.2023 | 00:18:46] >> INFO  << [de.minetrain.devlinbot.main.Main] - ----------------------------------
[27.04.2023 | 00:18:46] >> WARN  << [com.netflix.config.sources.URLConfigurationSource] - No URLs will be polled as dynamic configuration sources.
[27.04.2023 | 00:18:46] >> INFO  << [com.netflix.config.sources.URLConfigurationSource] - To enable URLs as dynamic configuration sources, define System property archaius.configurationSource.additionalUrls or make config.properties available on classpath.
[27.04.2023 | 00:18:46] >> INFO  << [io.github.xanthic.cache.core.CacheApiSettings] - Xanthic: Automatically set default cache provider to CaffeineProvider.
[27.04.2023 | 00:18:49] >> INFO  << [com.github.twitch4j.chat.TwitchChat] - Connecting to Twitch IRC wss://irc-ws.chat.twitch.tv:443
[27.04.2023 | 00:18:49] >> INFO  << [com.github.philippheuer.events4j.simple.SimpleEventHandler] - Registered method listener TwitchListner#onChannelMessage
[27.04.2023 | 00:18:49] >> INFO  << [com.github.philippheuer.events4j.simple.SimpleEventHandler] - Registered method listener TwitchListner#onStreamUp
[27.04.2023 | 00:18:49] >> INFO  << [com.github.philippheuer.events4j.simple.SimpleEventHandler] - Registered method listener TwitchListner#onStreamDown
[27.04.2023 | 00:18:49] >> INFO  << [de.minetrain.devlinbot.twitch.TwitchManager] - Connecting to channels: [devlinbot_, minetrainlp]
[27.04.2023 | 00:19:26] >> WARN  << [de.minetrain.devlinbot.main.Main] - exit! - 1682547566338
[27.04.2023 | 00:19:31] >> INFO  << [de.minetrain.devlinbot.main.Main] - ----------------------------------
[27.04.2023 | 00:19:31] >> INFO  << [de.minetrain.devlinbot.main.Main] - Devlin bot by MineTrain startet...
[27.04.2023 | 00:19:31] >> INFO  << [de.minetrain.devlinbot.main.Main] - Should the bot not awnser you, you may neet to check the vaules:
[27.04.2023 | 00:19:31] >> INFO  << [de.minetrain.devlinbot.main.Main] -  
[27.04.2023 | 00:19:31] >> INFO  << [de.minetrain.devlinbot.main.Main] - Client ID -> **********pxr
[27.04.2023 | 00:19:31] >> INFO  << [de.minetrain.devlinbot.main.Main] - Client Secret -> **********j9n
[27.04.2023 | 00:19:31] >> INFO  << [de.minetrain.devlinbot.main.Main] - OAuth2 -> **********qjt
[27.04.2023 | 00:19:31] >> INFO  << [de.minetrain.devlinbot.main.Main] - Channel Name -> minetrainlp
[27.04.2023 | 00:19:31] >> INFO  << [de.minetrain.devlinbot.main.Main] - ----------------------------------
[27.04.2023 | 00:19:31] >> WARN  << [com.netflix.config.sources.URLConfigurationSource] - No URLs will be polled as dynamic configuration sources.
[27.04.2023 | 00:19:31] >> INFO  << [com.netflix.config.sources.URLConfigurationSource] - To enable URLs as dynamic configuration sources, define System property archaius.configurationSource.additionalUrls or make config.properties available on classpath.
[27.04.2023 | 00:19:31] >> INFO  << [io.github.xanthic.cache.core.CacheApiSettings] - Xanthic: Automatically set default cache provider to CaffeineProvider.
[27.04.2023 | 00:19:34] >> INFO  << [com.github.twitch4j.chat.TwitchChat] - Connecting to Twitch IRC wss://irc-ws.chat.twitch.tv:443
[27.04.2023 | 00:19:34] >> INFO  << [com.github.philippheuer.events4j.simple.SimpleEventHandler] - Registered method listener TwitchListner#onChannelMessage
[27.04.2023 | 00:19:34] >> INFO  << [com.github.philippheuer.events4j.simple.SimpleEventHandler] - Registered method listener TwitchListner#onStreamUp
[27.04.2023 | 00:19:34] >> INFO  << [com.github.philippheuer.events4j.simple.SimpleEventHandler] - Registered method listener TwitchListner#onStreamDown
[27.04.2023 | 00:19:34] >> INFO  << [de.minetrain.devlinbot.twitch.TwitchManager] - Connecting to channels: [devlinbot_, minetrainlp]
[27.04.2023 | 00:19:40] >> WARN  << [de.minetrain.devlinbot.main.Main] - exit! - 1682547580365
[27.04.2023 | 00:19:44] >> INFO  << [de.minetrain.devlinbot.main.Main] - ----------------------------------
[27.04.2023 | 00:19:44] >> INFO  << [de.minetrain.devlinbot.main.Main] - Devlin bot by MineTrain startet...
[27.04.2023 | 00:19:44] >> INFO  << [de.minetrain.devlinbot.main.Main] - Should the bot not awnser you, you may neet to check the vaules:
[27.04.2023 | 00:19:44] >> INFO  << [de.minetrain.devlinbot.main.Main] -  
[27.04.2023 | 00:19:44] >> INFO  << [de.minetrain.devlinbot.main.Main] - Client ID -> **********pxr
[27.04.2023 | 00:19:44] >> INFO  << [de.minetrain.devlinbot.main.Main] - Client Secret -> **********j9n
[27.04.2023 | 00:19:44] >> INFO  << [de.minetrain.devlinbot.main.Main] - OAuth2 -> **********qjt
[27.04.2023 | 00:19:44] >> INFO  << [de.minetrain.devlinbot.main.Main] - Channel Name -> minetrainlp
[27.04.2023 | 00:19:44] >> INFO  << [de.minetrain.devlinbot.main.Main] - ----------------------------------
[27.04.2023 | 00:19:44] >> WARN  << [com.netflix.config.sources.URLConfigurationSource] - No URLs will be polled as dynamic configuration sources.
[27.04.2023 | 00:19:44] >> INFO  << [com.netflix.config.sources.URLConfigurationSource] - To enable URLs as dynamic configuration sources, define System property archaius.configurationSource.additionalUrls or make config.properties available on classpath.
[27.04.2023 | 00:19:44] >> INFO  << [io.github.xanthic.cache.core.CacheApiSettings] - Xanthic: Automatically set default cache provider to CaffeineProvider.
[27.04.2023 | 00:19:46] >> INFO  << [com.github.twitch4j.chat.TwitchChat] - Connecting to Twitch IRC wss://irc-ws.chat.twitch.tv:443
[27.04.2023 | 00:19:46] >> INFO  << [com.github.philippheuer.events4j.simple.SimpleEventHandler] - Registered method listener TwitchListner#onChannelMessage
[27.04.2023 | 00:19:46] >> INFO  << [com.github.philippheuer.events4j.simple.SimpleEventHandler] - Registered method listener TwitchListner#onStreamDown
[27.04.2023 | 00:19:46] >> INFO  << [com.github.philippheuer.events4j.simple.SimpleEventHandler] - Registered method listener TwitchListner#onStreamUp
[27.04.2023 | 00:19:46] >> INFO  << [de.minetrain.devlinbot.twitch.TwitchManager] - Connecting to channels: [devlinbot_, minetrainlp]
[27.04.2023 | 00:20:10] >> WARN  << [de.minetrain.devlinbot.main.Main] - exit! - 1682547610054
[27.04.2023 | 00:20:15] >> INFO  << [de.minetrain.devlinbot.main.Main] - ----------------------------------
[27.04.2023 | 00:20:15] >> INFO  << [de.minetrain.devlinbot.main.Main] - Devlin bot by MineTrain startet...
[27.04.2023 | 00:20:15] >> INFO  << [de.minetrain.devlinbot.main.Main] - Should the bot not awnser you, you may neet to check the vaules:
[27.04.2023 | 00:20:15] >> INFO  << [de.minetrain.devlinbot.main.Main] -  
[27.04.2023 | 00:20:15] >> INFO  << [de.minetrain.devlinbot.main.Main] - Client ID -> **********pxr
[27.04.2023 | 00:20:15] >> INFO  << [de.minetrain.devlinbot.main.Main] - Client Secret -> **********j9n
[27.04.2023 | 00:20:15] >> INFO  << [de.minetrain.devlinbot.main.Main] - OAuth2 -> **********qjt
[27.04.2023 | 00:20:15] >> INFO  << [de.minetrain.devlinbot.main.Main] - Channel Name -> minetrainlp
[27.04.2023 | 00:20:15] >> INFO  << [de.minetrain.devlinbot.main.Main] - ----------------------------------
[27.04.2023 | 00:20:16] >> WARN  << [com.netflix.config.sources.URLConfigurationSource] - No URLs will be polled as dynamic configuration sources.
[27.04.2023 | 00:20:16] >> INFO  << [com.netflix.config.sources.URLConfigurationSource] - To enable URLs as dynamic configuration sources, define System property archaius.configurationSource.additionalUrls or make config.properties available on classpath.
[27.04.2023 | 00:20:16] >> INFO  << [io.github.xanthic.cache.core.CacheApiSettings] - Xanthic: Automatically set default cache provider to CaffeineProvider.
[27.04.2023 | 00:20:18] >> INFO  << [com.github.twitch4j.chat.TwitchChat] - Connecting to Twitch IRC wss://irc-ws.chat.twitch.tv:443
[27.04.2023 | 00:20:18] >> INFO  << [com.github.philippheuer.events4j.simple.SimpleEventHandler] - Registered method listener TwitchListner#onStreamUp
[27.04.2023 | 00:20:18] >> INFO  << [com.github.philippheuer.events4j.simple.SimpleEventHandler] - Registered method listener TwitchListner#onStreamDown
[27.04.2023 | 00:20:18] >> INFO  << [com.github.philippheuer.events4j.simple.SimpleEventHandler] - Registered method listener TwitchListner#onChannelMessage
[27.04.2023 | 00:20:18] >> INFO  << [de.minetrain.devlinbot.twitch.TwitchManager] - Connecting to channels: [devlinbot_, minetrainlp]
[27.04.2023 | 00:20:21] >> WARN  << [de.minetrain.devlinbot.main.Main] - exit! - 1682547621421
[27.04.2023 | 00:20:25] >> INFO  << [de.minetrain.devlinbot.main.Main] - ----------------------------------
[27.04.2023 | 00:20:25] >> INFO  << [de.minetrain.devlinbot.main.Main] - Devlin bot by MineTrain startet...
[27.04.2023 | 00:20:25] >> INFO  << [de.minetrain.devlinbot.main.Main] - Should the bot not awnser you, you may neet to check the vaules:
[27.04.2023 | 00:20:25] >> INFO  << [de.minetrain.devlinbot.main.Main] -  
[27.04.2023 | 00:20:25] >> INFO  << [de.minetrain.devlinbot.main.Main] - Client ID -> **********pxr
[27.04.2023 | 00:20:25] >> INFO  << [de.minetrain.devlinbot.main.Main] - Client Secret -> **********j9n
[27.04.2023 | 00:20:25] >> INFO  << [de.minetrain.devlinbot.main.Main] - OAuth2 -> **********qjt
[27.04.2023 | 00:20:25] >> INFO  << [de.minetrain.devlinbot.main.Main] - Channel Name -> minetrainlp
[27.04.2023 | 00:20:25] >> INFO  << [de.minetrain.devlinbot.main.Main] - ----------------------------------
[27.04.2023 | 00:20:26] >> WARN  << [com.netflix.config.sources.URLConfigurationSource] - No URLs will be polled as dynamic configuration sources.
[27.04.2023 | 00:20:26] >> INFO  << [com.netflix.config.sources.URLConfigurationSource] - To enable URLs as dynamic configuration sources, define System property archaius.configurationSource.additionalUrls or make config.properties available on classpath.
[27.04.2023 | 00:20:26] >> INFO  << [io.github.xanthic.cache.core.CacheApiSettings] - Xanthic: Automatically set default cache provider to CaffeineProvider.
[27.04.2023 | 00:20:28] >> INFO  << [com.github.twitch4j.chat.TwitchChat] - Connecting to Twitch IRC wss://irc-ws.chat.twitch.tv:443
[27.04.2023 | 00:20:28] >> INFO  << [com.github.philippheuer.events4j.simple.SimpleEventHandler] - Registered method listener TwitchListner#onChannelMessage
[27.04.2023 | 00:20:28] >> INFO  << [com.github.philippheuer.events4j.simple.SimpleEventHandler] - Registered method listener TwitchListner#onStreamUp
[27.04.2023 | 00:20:28] >> INFO  << [com.github.philippheuer.events4j.simple.SimpleEventHandler] - Registered method listener TwitchListner#onStreamDown
[27.04.2023 | 00:20:28] >> INFO  << [de.minetrain.devlinbot.twitch.TwitchManager] - Connecting to channels: [devlinbot_, minetrainlp]
[27.04.2023 | 00:21:15] >> WARN  << [de.minetrain.devlinbot.main.Main] - exit! - 1682547675548
[27.04.2023 | 00:21:17] >> INFO  << [de.minetrain.devlinbot.main.Main] - ----------------------------------
[27.04.2023 | 00:21:17] >> INFO  << [de.minetrain.devlinbot.main.Main] - Devlin bot by MineTrain startet...
[27.04.2023 | 00:21:17] >> INFO  << [de.minetrain.devlinbot.main.Main] - Should the bot not awnser you, you may neet to check the vaules:
[27.04.2023 | 00:21:17] >> INFO  << [de.minetrain.devlinbot.main.Main] -  
[27.04.2023 | 00:21:17] >> INFO  << [de.minetrain.devlinbot.main.Main] - Client ID -> **********pxr
[27.04.2023 | 00:21:17] >> INFO  << [de.minetrain.devlinbot.main.Main] - Client Secret -> **********j9n
[27.04.2023 | 00:21:17] >> INFO  << [de.minetrain.devlinbot.main.Main] - OAuth2 -> **********qjt
[27.04.2023 | 00:21:17] >> INFO  << [de.minetrain.devlinbot.main.Main] - Channel Name -> minetrainlp
[27.04.2023 | 00:21:17] >> INFO  << [de.minetrain.devlinbot.main.Main] - ----------------------------------
[27.04.2023 | 00:21:18] >> WARN  << [com.netflix.config.sources.URLConfigurationSource] - No URLs will be polled as dynamic configuration sources.
[27.04.2023 | 00:21:18] >> INFO  << [com.netflix.config.sources.URLConfigurationSource] - To enable URLs as dynamic configuration sources, define System property archaius.configurationSource.additionalUrls or make config.properties available on classpath.
[27.04.2023 | 00:21:18] >> INFO  << [io.github.xanthic.cache.core.CacheApiSettings] - Xanthic: Automatically set default cache provider to CaffeineProvider.
[27.04.2023 | 00:21:20] >> INFO  << [com.github.twitch4j.chat.TwitchChat] - Connecting to Twitch IRC wss://irc-ws.chat.twitch.tv:443
[27.04.2023 | 00:21:20] >> INFO  << [com.github.philippheuer.events4j.simple.SimpleEventHandler] - Registered method listener TwitchListner#onChannelMessage
[27.04.2023 | 00:21:20] >> INFO  << [com.github.philippheuer.events4j.simple.SimpleEventHandler] - Registered method listener TwitchListner#onStreamDown
[27.04.2023 | 00:21:20] >> INFO  << [com.github.philippheuer.events4j.simple.SimpleEventHandler] - Registered method listener TwitchListner#onStreamUp
[27.04.2023 | 00:21:20] >> INFO  << [de.minetrain.devlinbot.twitch.TwitchManager] - Connecting to channels: [devlinbot_, minetrainlp]
[27.04.2023 | 00:22:07] >> WARN  << [de.minetrain.devlinbot.main.Main] - exit! - 1682547727666
[27.04.2023 | 00:22:13] >> INFO  << [de.minetrain.devlinbot.main.Main] - ----------------------------------------------------------------
[27.04.2023 | 00:22:13] >> INFO  << [de.minetrain.devlinbot.main.Main] - Devlin bot by MineTrain startet...
[27.04.2023 | 00:22:13] >> INFO  << [de.minetrain.devlinbot.main.Main] - Should the bot not awnser you, you may neet to check the vaules:
[27.04.2023 | 00:22:13] >> INFO  << [de.minetrain.devlinbot.main.Main] -  
[27.04.2023 | 00:22:13] >> INFO  << [de.minetrain.devlinbot.main.Main] - Client ID -> **********pxr
[27.04.2023 | 00:22:13] >> INFO  << [de.minetrain.devlinbot.main.Main] - Client Secret -> **********j9n
[27.04.2023 | 00:22:13] >> INFO  << [de.minetrain.devlinbot.main.Main] - OAuth2 -> **********qjt
[27.04.2023 | 00:22:13] >> INFO  << [de.minetrain.devlinbot.main.Main] - Channel Name -> minetrainlp
[27.04.2023 | 00:22:13] >> INFO  << [de.minetrain.devlinbot.main.Main] - ----------------------------------------------------------------
[27.04.2023 | 00:22:13] >> WARN  << [com.netflix.config.sources.URLConfigurationSource] - No URLs will be polled as dynamic configuration sources.
[27.04.2023 | 00:22:13] >> INFO  << [com.netflix.config.sources.URLConfigurationSource] - To enable URLs as dynamic configuration sources, define System property archaius.configurationSource.additionalUrls or make config.properties available on classpath.
[27.04.2023 | 00:22:13] >> INFO  << [io.github.xanthic.cache.core.CacheApiSettings] - Xanthic: Automatically set default cache provider to CaffeineProvider.
[27.04.2023 | 00:22:15] >> INFO  << [com.github.twitch4j.chat.TwitchChat] - Connecting to Twitch IRC wss://irc-ws.chat.twitch.tv:443
[27.04.2023 | 00:22:15] >> INFO  << [com.github.twitch4j.client.websocket.WebsocketConnection] - Connection to WebSocket [wss://irc-ws.chat.twitch.tv:443] lost! Retrying soon ...
[27.04.2023 | 00:22:15] >> INFO  << [com.github.philippheuer.events4j.simple.SimpleEventHandler] - Registered method listener TwitchListner#onStreamUp
[27.04.2023 | 00:22:15] >> INFO  << [com.github.philippheuer.events4j.simple.SimpleEventHandler] - Registered method listener TwitchListner#onStreamDown
[27.04.2023 | 00:22:15] >> INFO  << [com.github.philippheuer.events4j.simple.SimpleEventHandler] - Registered method listener TwitchListner#onChannelMessage
[27.04.2023 | 00:22:15] >> INFO  << [de.minetrain.devlinbot.twitch.TwitchManager] - Connecting to channels: [devlinbot_, minetrainlp]
[27.04.2023 | 00:22:17] >> INFO  << [com.github.twitch4j.chat.TwitchChat] - Connecting to Twitch IRC wss://irc-ws.chat.twitch.tv:443
[27.04.2023 | 00:22:22] >> WARN  << [de.minetrain.devlinbot.main.Main] - exit! - 1682547742482
[27.04.2023 | 00:22:24] >> INFO  << [de.minetrain.devlinbot.main.Main] - ----------------------------------------------------------------
[27.04.2023 | 00:22:24] >> INFO  << [de.minetrain.devlinbot.main.Main] - Devlin bot by MineTrain startet...
[27.04.2023 | 00:22:24] >> INFO  << [de.minetrain.devlinbot.main.Main] - Should the bot not awnser you, you may neet to check the vaules:
[27.04.2023 | 00:22:24] >> INFO  << [de.minetrain.devlinbot.main.Main] -  
[27.04.2023 | 00:22:24] >> INFO  << [de.minetrain.devlinbot.main.Main] - Client ID -> **********pxr
[27.04.2023 | 00:22:24] >> INFO  << [de.minetrain.devlinbot.main.Main] - Client Secret -> **********j9n
[27.04.2023 | 00:22:24] >> INFO  << [de.minetrain.devlinbot.main.Main] - OAuth2 -> **********qjt
[27.04.2023 | 00:22:24] >> INFO  << [de.minetrain.devlinbot.main.Main] - Channel Name -> minetrainlp
[27.04.2023 | 00:22:24] >> INFO  << [de.minetrain.devlinbot.main.Main] - ----------------------------------------------------------------
[27.04.2023 | 00:22:24] >> INFO  << [de.minetrain.devlinbot.main.Main] -  
[27.04.2023 | 00:22:25] >> WARN  << [com.netflix.config.sources.URLConfigurationSource] - No URLs will be polled as dynamic configuration sources.
[27.04.2023 | 00:22:25] >> INFO  << [com.netflix.config.sources.URLConfigurationSource] - To enable URLs as dynamic configuration sources, define System property archaius.configurationSource.additionalUrls or make config.properties available on classpath.
[27.04.2023 | 00:22:25] >> INFO  << [io.github.xanthic.cache.core.CacheApiSettings] - Xanthic: Automatically set default cache provider to CaffeineProvider.
[27.04.2023 | 00:22:27] >> INFO  << [com.github.twitch4j.chat.TwitchChat] - Connecting to Twitch IRC wss://irc-ws.chat.twitch.tv:443
[27.04.2023 | 00:22:27] >> INFO  << [com.github.philippheuer.events4j.simple.SimpleEventHandler] - Registered method listener TwitchListner#onChannelMessage
[27.04.2023 | 00:22:27] >> INFO  << [com.github.philippheuer.events4j.simple.SimpleEventHandler] - Registered method listener TwitchListner#onStreamDown
[27.04.2023 | 00:22:27] >> INFO  << [com.github.philippheuer.events4j.simple.SimpleEventHandler] - Registered method listener TwitchListner#onStreamUp
[27.04.2023 | 00:22:27] >> INFO  << [de.minetrain.devlinbot.twitch.TwitchManager] - Connecting to channels: [devlinbot_, minetrainlp]
[27.04.2023 | 00:22:32] >> WARN  << [de.minetrain.devlinbot.main.Main] - exit! - 1682547752010
